<?xml version="1.0" encoding="UTF-8"?>
<testsuites>
    <testsuite name="force.apex" timestamp="2020-10-10T17:06:27-07:00" hostname="https://efficiency-inspiration-5373.cs41.my.salesforce.com/" tests="1" failures="0"  errors="0"  time="0.07">
        <properties>
            <property name="outcome" value="Passed"/>
            <property name="testsRan" value="1"/>
            <property name="passing" value="1"/>
            <property name="failing" value="0"/>
            <property name="skipped" value="0"/>
            <property name="passRate" value="100%"/>
            <property name="failRate" value="0%"/>
            <property name="testStartTime" value="Oct 10, 2020 5:06 PM"/>
            <property name="testExecutionTime" value="0.07 s"/>
            <property name="testTotalTime" value="0.07 s"/>
            <property name="commandTime" value="20.79 s"/>
            <property name="hostname" value="https://efficiency-inspiration-5373.cs41.my.salesforce.com/"/>
            <property name="orgId" value="00D55000000Ib7AEAS"/>
            <property name="username" value="test-ecxjsxmknsmv@example.com"/>
            <property name="testRunId" value="70755000025vtbT"/>
            <property name="userId" value="00555000006KpXXAA0"/>
            <property name="testRunCoverage" value="80%"/>
            <property name="orgWideCoverage" value="76%"/>
        </properties>
        <testcase name="generateTrackingNumber_works" classname="ShippingControllerTest" time="0.07">
        </testcase>
    </testsuite>
</testsuites>
